Mon 09/23/2024 
05:25 PM
;; 1. Based on: 001
;; 2. Description: drug
;; x1. Author: www.pkpd-info.com
$PROBLEM    PK model
 ;; Change to dataset
$INPUT      CENSOR AORTA=DROP ID DROP TIME DV AMT RATE EVID MDV
$DATA      example5.CSV IGNORE=C
$SUBROUTINE ADVAN1 TRANS2 ;; 1-compartment iv data
$PK
  CL = THETA(3) * EXP(ETA(1))
  V = THETA(4) * EXP(ETA(2))
  
  S1 = V   ;; scaling of compartment check units of dose and observations

$THETA  (0,0.1) ; 1 prop
 (0,0.5) ; 2 add
 (0,30) ; 3 CL
 (0,200) ; 4 V
  	;; set realistic initial estimates (also for proportional and additive error)
$OMEGA  BLOCK(2)
 0.09  ;             ;     IIV-CL
 0.01 0.09  ;          _  ;      IIV-V
$SIGMA  1  FIX  ; residual variability
$ERROR  	;; For calculation based on linear (non log-transformed) data
  IPRED = F
  IRES = DV-IPRED
  W = IPRED*THETA(1)+THETA(2)
  IF (W.EQ.0) W = 1
  IWRES = IRES/W
  Y= IPRED+W*ERR(1)

$ESTIMATION METHOD=1 MAXEVAL=99999 SIG=3 PRINT=5 NOABORT POSTHOC
            INTERACTION ;; Estimation method FOCE+interaction
$COVARIANCE PRINT=E UNCONDITIONAL
$TABLE      ID IPRED IWRES CWRES EVID MDV TIME NOPRINT ONEHEADER
            FILE=SDTAB001
$TABLE      ID CL V ETA1 ETA2 NOPRINT ONEHEADER FILE=PATAB001
$TABLE      ID NOPRINT ONEHEADER FILE=COTAB001
$TABLE      ID NOPRINT ONEHEADER FILE=CATAB001

  
NM-TRAN MESSAGES 
  
 WARNINGS AND ERRORS (IF ANY) FOR PROBLEM    1
             
 (WARNING  2) NM-TRAN INFERS THAT THE DATA ARE POPULATION.
  
Note: Analytical 2nd Derivatives are constructed in FSUBS but are never used.
      You may insert $ABBR DERIV2=NO after the first $PROB to save FSUBS construction and compilation time
  
  
License Registered to: Erasmus University Medical Center
Expiration Date:    14 AUG 2025
Current Date:       23 SEP 2024
Days until program expires : 326
1NONLINEAR MIXED EFFECTS MODEL PROGRAM (NONMEM) VERSION 7.5.1
 ORIGINALLY DEVELOPED BY STUART BEAL, LEWIS SHEINER, AND ALISON BOECKMANN
 CURRENT DEVELOPERS ARE ROBERT BAUER, ICON DEVELOPMENT SOLUTIONS,
 AND ALISON BOECKMANN. IMPLEMENTATION, EFFICIENCY, AND STANDARDIZATION
 PERFORMED BY NOUS INFOSYSTEMS.

 PROBLEM NO.:         1
 PK model
0DATA CHECKOUT RUN:              NO
 DATA SET LOCATED ON UNIT NO.:    2
 THIS UNIT TO BE REWOUND:        NO
 NO. OF DATA RECS IN DATA SET:     2700
 NO. OF DATA ITEMS IN DATA SET:   8
 ID DATA ITEM IS DATA ITEM NO.:   2
 DEP VARIABLE IS DATA ITEM NO.:   4
 MDV DATA ITEM IS DATA ITEM NO.:  8
0INDICES PASSED TO SUBROUTINE PRED:
   7   3   5   6   0   0   0   0   0   0   0
0LABELS FOR DATA ITEMS:
 CENSOR ID TIME DV AMT RATE EVID MDV
0(NONBLANK) LABELS FOR PRED-DEFINED ITEMS:
 CL V IPRED IWRES
0FORMAT FOR DATA:
 (E2.0,2E4.0,E11.0,E4.0,3E2.0)

 TOT. NO. OF OBS RECS:     2400
 TOT. NO. OF INDIVIDUALS:      300
0LENGTH OF THETA:   4
0DEFAULT THETA BOUNDARY TEST OMITTED:    NO
0OMEGA HAS BLOCK FORM:
  1
  1  1
0DEFAULT OMEGA BOUNDARY TEST OMITTED:    NO
0SIGMA HAS SIMPLE DIAGONAL FORM WITH DIMENSION:   1
0DEFAULT SIGMA BOUNDARY TEST OMITTED:    NO
0INITIAL ESTIMATE OF THETA:
 LOWER BOUND    INITIAL EST    UPPER BOUND
  0.0000E+00     0.1000E+00     0.1000E+07
  0.0000E+00     0.5000E+00     0.1000E+07
  0.0000E+00     0.3000E+02     0.1000E+07
  0.0000E+00     0.2000E+03     0.1000E+07
0INITIAL ESTIMATE OF OMEGA:
 BLOCK SET NO.   BLOCK                                                                    FIXED
        1                                                                                   NO
                  0.9000E-01
                  0.1000E-01   0.9000E-01
0INITIAL ESTIMATE OF SIGMA:
 0.1000E+01
0SIGMA CONSTRAINED TO BE THIS INITIAL ESTIMATE
0COVARIANCE STEP OMITTED:        NO
 EIGENVLS. PRINTED:             YES
 SPECIAL COMPUTATION:            NO
 COMPRESSED FORMAT:              NO
 GRADIENT METHOD USED:     NOSLOW
 SIGDIGITS ETAHAT (SIGLO):                  -1
 SIGDIGITS GRADIENTS (SIGL):                -1
 EXCLUDE COV FOR FOCE (NOFCOV):              NO
 Cholesky Transposition of R Matrix (CHOLROFF):0
 KNUTHSUMOFF:                                -1
 RESUME COV ANALYSIS (RESUME):               NO
 SIR SAMPLE SIZE (SIRSAMPLE):
 NON-LINEARLY TRANSFORM THETAS DURING COV (THBND): 1
 PRECONDTIONING CYCLES (PRECOND):        0
 PRECONDTIONING TYPES (PRECONDS):        TOS
 FORCED PRECONDTIONING CYCLES (PFCOND):0
 PRECONDTIONING TYPE (PRETYPE):        0
 FORCED POS. DEFINITE SETTING DURING PRECONDITIONING: (FPOSDEF):0
 SIMPLE POS. DEFINITE SETTING: (POSDEF):-1
0TABLES STEP OMITTED:    NO
 NO. OF TABLES:           4
 SEED NUMBER (SEED):    11456
 NPDTYPE:    0
 INTERPTYPE:    0
 RANMETHOD:             3U
 MC SAMPLES (ESAMPLE):    300
 WRES SQUARE ROOT TYPE (WRESCHOL): EIGENVALUE
0-- TABLE   1 --
0RECORDS ONLY:    ALL
04 COLUMNS APPENDED:    YES
 PRINTED:                NO
 HEADERS:               ONE
 FILE TO BE FORWARDED:   NO
 FORMAT:                S1PE11.4
 IDFORMAT:
 LFORMAT:
 RFORMAT:
 FIXED_EFFECT_ETAS:
0USER-CHOSEN ITEMS:
 ID IPRED IWRES CWRES EVID MDV TIME
0-- TABLE   2 --
0RECORDS ONLY:    ALL
04 COLUMNS APPENDED:    YES
 PRINTED:                NO
 HEADERS:               ONE
 FILE TO BE FORWARDED:   NO
 FORMAT:                S1PE11.4
 IDFORMAT:
 LFORMAT:
 RFORMAT:
 FIXED_EFFECT_ETAS:
0USER-CHOSEN ITEMS:
 ID CL V ETA1 ETA2
0-- TABLE   3 --
0RECORDS ONLY:    ALL
04 COLUMNS APPENDED:    YES
 PRINTED:                NO
 HEADERS:               ONE
 FILE TO BE FORWARDED:   NO
 FORMAT:                S1PE11.4
 IDFORMAT:
 LFORMAT:
 RFORMAT:
 FIXED_EFFECT_ETAS:
0USER-CHOSEN ITEMS:
 ID
0-- TABLE   4 --
0RECORDS ONLY:    ALL
04 COLUMNS APPENDED:    YES
 PRINTED:                NO
 HEADERS:               ONE
 FILE TO BE FORWARDED:   NO
 FORMAT:                S1PE11.4
 IDFORMAT:
 LFORMAT:
 RFORMAT:
 FIXED_EFFECT_ETAS:
0USER-CHOSEN ITEMS:
 ID
1DOUBLE PRECISION PREDPP VERSION 7.5.1

 ONE COMPARTMENT MODEL (ADVAN1)
0MAXIMUM NO. OF BASIC PK PARAMETERS:   2
0BASIC PK PARAMETERS (AFTER TRANSLATION):
   ELIMINATION RATE (K) IS BASIC PK PARAMETER NO.:  1

 TRANSLATOR WILL CONVERT PARAMETERS
 CLEARANCE (CL) AND VOLUME (V) TO K (TRANS2)
0COMPARTMENT ATTRIBUTES
 COMPT. NO.   FUNCTION   INITIAL    ON/OFF      DOSE      DEFAULT    DEFAULT
                         STATUS     ALLOWED    ALLOWED    FOR DOSE   FOR OBS.
    1         CENTRAL      ON         NO         YES        YES        YES
    2         OUTPUT       OFF        YES        NO         NO         NO
1
 ADDITIONAL PK PARAMETERS - ASSIGNMENT OF ROWS IN GG
 COMPT. NO.                             INDICES
              SCALE      BIOAVAIL.   ZERO-ORDER  ZERO-ORDER  ABSORB
                         FRACTION    RATE        DURATION    LAG
    1            3           *           *           *           *
    2            *           -           -           -           -
             - PARAMETER IS NOT ALLOWED FOR THIS MODEL
             * PARAMETER IS NOT SUPPLIED BY PK SUBROUTINE;
               WILL DEFAULT TO ONE IF APPLICABLE
0DATA ITEM INDICES USED BY PRED ARE:
   EVENT ID DATA ITEM IS DATA ITEM NO.:      7
   TIME DATA ITEM IS DATA ITEM NO.:          3
   DOSE AMOUNT DATA ITEM IS DATA ITEM NO.:   5
   DOSE RATE DATA ITEM IS DATA ITEM NO.:     6

0PK SUBROUTINE CALLED WITH EVERY EVENT RECORD.
 PK SUBROUTINE NOT CALLED AT NONEVENT (ADDITIONAL OR LAGGED) DOSE TIMES.
0ERROR SUBROUTINE CALLED WITH EVERY EVENT RECORD.
1


 #TBLN:      1
 #METH: First Order Conditional Estimation with Interaction

 ESTIMATION STEP OMITTED:                 NO
 ANALYSIS TYPE:                           POPULATION
 NUMBER OF SADDLE POINT RESET ITERATIONS:      0
 GRADIENT METHOD USED:               NOSLOW
 CONDITIONAL ESTIMATES USED:              YES
 CENTERED ETA:                            NO
 EPS-ETA INTERACTION:                     YES
 LAPLACIAN OBJ. FUNC.:                    NO
 NO. OF FUNCT. EVALS. ALLOWED:            99999
 NO. OF SIG. FIGURES REQUIRED:            3
 INTERMEDIATE PRINTOUT:                   YES
 ESTIMATE OUTPUT TO MSF:                  NO
 ABORT WITH PRED EXIT CODE 1:             NO
 IND. OBJ. FUNC. VALUES SORTED:           NO
 NUMERICAL DERIVATIVE
       FILE REQUEST (NUMDER):               NONE
 MAP (ETAHAT) ESTIMATION METHOD (OPTMAP):   0
 ETA HESSIAN EVALUATION METHOD (ETADER):    0
 INITIAL ETA FOR MAP ESTIMATION (MCETA):    0
 SIGDIGITS FOR MAP ESTIMATION (SIGLO):      100
 GRADIENT SIGDIGITS OF
       FIXED EFFECTS PARAMETERS (SIGL):     100
 NOPRIOR SETTING (NOPRIOR):                 0
 NOCOV SETTING (NOCOV):                     OFF
 DERCONT SETTING (DERCONT):                 OFF
 FINAL ETA RE-EVALUATION (FNLETA):          1
 EXCLUDE NON-INFLUENTIAL (NON-INFL.) ETAS
       IN SHRINKAGE (ETASTYPE):             NO
 NON-INFL. ETA CORRECTION (NONINFETA):      0
 RAW OUTPUT FILE (FILE): psn.ext
 EXCLUDE TITLE (NOTITLE):                   NO
 EXCLUDE COLUMN LABELS (NOLABEL):           NO
 FORMAT FOR ADDITIONAL FILES (FORMAT):      S1PE12.5
 PARAMETER ORDER FOR OUTPUTS (ORDER):       TSOL
 KNUTHSUMOFF:                               0
 INCLUDE LNTWOPI:                           NO
 INCLUDE CONSTANT TERM TO PRIOR (PRIORC):   NO
 INCLUDE CONSTANT TERM TO OMEGA (ETA) (OLNTWOPI):NO
 ADDITIONAL CONVERGENCE TEST (CTYPE=4)?:    NO
 EM OR BAYESIAN METHOD USED:                 NONE


 THE FOLLOWING LABELS ARE EQUIVALENT
 PRED=PREDI
 RES=RESI
 WRES=WRESI
 IWRS=IWRESI
 IPRD=IPREDI
 IRS=IRESI

 MONITORING OF SEARCH:


0ITERATION NO.:    0    OBJECTIVE VALUE:   330.273684633045        NO. OF FUNC. EVALS.:   6
 CUMULATIVE NO. OF FUNC. EVALS.:        6
 NPARAMETR:  1.0000E-01  5.0000E-01  3.0000E+01  2.0000E+02  9.0000E-02  1.0000E-02  9.0000E-02
 PARAMETER:  1.0000E-01  1.0000E-01  1.0000E-01  1.0000E-01  1.0000E-01  1.0000E-01  1.0000E-01
 GRADIENT:  -8.6308E+01  5.1002E+02  8.3420E+02  3.0431E+03 -2.1862E+02 -7.3279E+02 -1.4332E+03

0ITERATION NO.:    5    OBJECTIVE VALUE:  -7497.12489960427        NO. OF FUNC. EVALS.:  44
 CUMULATIVE NO. OF FUNC. EVALS.:       50
 NPARAMETR:  1.2274E-01  7.8219E-03  6.5816E+00  7.5612E+01  1.9624E+00  1.3264E-01  6.7862E-02
 PARAMETER:  3.0494E-01 -4.0577E+00 -1.4169E+00 -8.7270E-01  1.6411E+00  2.8405E-01 -1.0580E-01
 GRADIENT:   1.1859E+03  4.4738E+02 -1.5571E+02  1.1392E+03  2.3343E+02  1.5153E+02  4.2315E+01

0ITERATION NO.:   10    OBJECTIVE VALUE:  -8065.50326003575        NO. OF FUNC. EVALS.:  38
 CUMULATIVE NO. OF FUNC. EVALS.:       88
 NPARAMETR:  9.9541E-02  5.0000E-03  1.3542E+01  7.0204E+01  6.7209E-01  3.4613E-03  4.5895E-02
 PARAMETER:  9.5396E-02 -4.8491E+00 -6.9539E-01 -9.4692E-01  1.1053E+00  1.2666E-02 -2.3071E-01
 GRADIENT:   2.2266E+02  0.0000E+00  1.8877E+02  1.4000E+02 -7.3013E+00 -2.1291E+02  1.8864E+00

0ITERATION NO.:   15    OBJECTIVE VALUE:  -8087.85081133040        NO. OF FUNC. EVALS.:  44
 CUMULATIVE NO. OF FUNC. EVALS.:      132
 NPARAMETR:  9.5232E-02  5.0000E-03  1.1397E+01  6.8889E+01  6.9765E-01  6.3877E-02  4.8476E-02
 PARAMETER:  5.1141E-02 -4.8555E+00 -8.6789E-01 -9.6582E-01  1.1240E+00  2.2943E-01 -2.6744E-01
 GRADIENT:  -1.5882E+01  0.0000E+00 -3.5671E+01 -1.6278E+02  6.4372E-01  7.8036E+01 -1.5038E+01

0ITERATION NO.:   20    OBJECTIVE VALUE:  -8092.94494535518        NO. OF FUNC. EVALS.:  66
 CUMULATIVE NO. OF FUNC. EVALS.:      198
 NPARAMETR:  9.5550E-02  5.0000E-03  1.2089E+01  7.0106E+01  6.7216E-01  4.6182E-02  4.6465E-02
 PARAMETER:  5.4481E-02 -4.8470E+00 -8.0890E-01 -9.4831E-01  1.1053E+00  1.6899E-01 -2.5971E-01
 GRADIENT:  -3.2409E-01  0.0000E+00 -9.0062E-02  6.3353E-01 -3.7086E-02  1.5748E-01  9.1610E-02

 #TERM:
0MINIMIZATION SUCCESSFUL
 NO. OF FUNCTION EVALUATIONS USED:      198
 NO. OF SIG. DIGITS IN FINAL EST.:  3.2
0PARAMETER ESTIMATE IS NEAR ITS BOUNDARY

 ETABAR IS THE ARITHMETIC MEAN OF THE ETA-ESTIMATES,
 AND THE P-VALUE IS GIVEN FOR THE NULL HYPOTHESIS THAT THE TRUE MEAN IS 0.

 ETABAR:         9.0871E-04 -1.1629E-03
 SE:             4.7182E-02  1.2149E-02
 N:                     300         300

 P VAL.:         9.8463E-01  9.2375E-01

 ETASHRINKSD(%)  3.2268E-01  2.3781E+00
 ETASHRINKVR(%)  6.4431E-01  4.6996E+00
 EBVSHRINKSD(%)  1.9131E-01  2.3329E+00
 EBVSHRINKVR(%)  3.8225E-01  4.6115E+00
 RELATIVEINF(%)  9.9684E+01  9.5145E+01
 EPSSHRINKSD(%)  1.6951E+01
 EPSSHRINKVR(%)  3.1028E+01

  
 TOTAL DATA POINTS NORMALLY DISTRIBUTED (N):         2400
 N*LOG(2PI) CONSTANT TO OBJECTIVE FUNCTION:    4410.9049593824284     
 OBJECTIVE FUNCTION VALUE WITHOUT CONSTANT:   -8092.9449453551779     
 OBJECTIVE FUNCTION VALUE WITH CONSTANT:      -3682.0399859727495     
 REPORTED OBJECTIVE FUNCTION DOES NOT CONTAIN CONSTANT
  
 TOTAL EFFECTIVE ETAS (NIND*NETA):                           600
  
 #TERE:
 Elapsed estimation  time in seconds:    10.84
0R MATRIX ALGORITHMICALLY SINGULAR
 AND ALGORITHMICALLY NON-POSITIVE-SEMIDEFINITE
0R MATRIX IS OUTPUT
0COVARIANCE STEP ABORTED
 Elapsed covariance  time in seconds:     6.23
 Elapsed postprocess time in seconds:     0.18
1
 
 
 
 
 
 
 
 
 
 
 
 
 
 
 
 
 
 
 
 
 ************************************************************************************************************************
 ********************                                                                                ********************
 ********************               FIRST ORDER CONDITIONAL ESTIMATION WITH INTERACTION              ********************
 #OBJT:**************                       MINIMUM VALUE OF OBJECTIVE FUNCTION                      ********************
 ********************                                                                                ********************
 ************************************************************************************************************************
 





 #OBJV:********************************************    -8092.945       **************************************************
1
 ************************************************************************************************************************
 ********************                                                                                ********************
 ********************               FIRST ORDER CONDITIONAL ESTIMATION WITH INTERACTION              ********************
 ********************                             FINAL PARAMETER ESTIMATE                           ********************
 ********************                                                                                ********************
 ************************************************************************************************************************
 


 THETA - VECTOR OF FIXED EFFECTS PARAMETERS   *********


         TH 1      TH 2      TH 3      TH 4     
 
         9.56E-02  5.00E-03  1.21E+01  7.01E+01
 


 OMEGA - COV MATRIX FOR RANDOM EFFECTS - ETAS  ********


         ETA1      ETA2     
 
 ETA1
+        6.72E-01
 
 ETA2
+        4.62E-02  4.65E-02
 


 SIGMA - COV MATRIX FOR RANDOM EFFECTS - EPSILONS  ****


         EPS1     
 
 EPS1
+        1.00E+00
 
1


 OMEGA - CORR MATRIX FOR RANDOM EFFECTS - ETAS  *******


         ETA1      ETA2     
 
 ETA1
+        8.20E-01
 
 ETA2
+        2.61E-01  2.16E-01
 


 SIGMA - CORR MATRIX FOR RANDOM EFFECTS - EPSILONS  ***


         EPS1     
 
 EPS1
+        1.00E+00
 
1
 ************************************************************************************************************************
 ********************                                                                                ********************
 ********************               FIRST ORDER CONDITIONAL ESTIMATION WITH INTERACTION              ********************
 ********************                                     R MATRIX                                   ********************
 ********************                                                                                ********************
 ************************************************************************************************************************
 

            TH 1      TH 2      TH 3      TH 4      OM11      OM12      OM22      SG11  
 
 TH 1
+        3.15E+05
 
 TH 2
+        0.00E+00  0.00E+00
 
 TH 3
+       -7.41E-01  0.00E+00  3.26E+00
 
 TH 4
+       -1.68E+01  0.00E+00 -5.40E-01  1.34E+00
 
 OM11
+       -4.52E+00  0.00E+00  5.67E-02  5.34E-03  3.78E+02
 
 OM12
+       -1.34E+02  0.00E+00 -1.56E-01 -9.41E-01 -7.24E+02  1.11E+04
 
 OM22
+        2.86E+03  0.00E+00  5.96E-01 -2.38E-01  3.49E+02 -1.00E+04  7.24E+04
 
 SG11
+       ......... ......... ......... ......... ......... ......... ......... .........
 
 Elapsed finaloutput time in seconds:     3.05
 #CPUT: Total CPU Time in Seconds,       17.703
Stop Time: 
Mon 09/23/2024 
05:26 PM
